At time 0 process 1 started arr 0 total 6 remain 6 wait 0 
At time 1 process 1 Stopped arr 0 total 6 remain 5 wait 0 
At time 1 process 2 started arr 1 total 2 remain 2 wait 0 
At time 2 process 2 Stopped arr 1 total 2 remain 1 wait 0 
At time 2 process 1 resumed arr 0 total 6 remain 5 wait 1 
At time 3 process 1 Stopped arr 0 total 6 remain 4 wait 1 
At time 3 process 2 resumed arr 1 total 2 remain 1 wait 1 
At time 4 process 2 Stopped arr 1 total 2 remain 0 wait 1 
At time 4 process 3 started arr 3 total 5 remain 5 wait 1 
At time 5 process 3 Stopped arr 3 total 5 remain 4 wait 1 
At time 5 process 1 resumed arr 0 total 6 remain 4 wait 3 
At time 6 process 1 Stopped arr 0 total 6 remain 3 wait 3 
At time 6 process 2 resumed arr 1 total 2 remain 0 wait 3 
At time 7 process 2 Stopped arr 1 total 2 remain -1 wait 3 
At time 7 process 3 resumed arr 3 total 5 remain 4 wait 3 
At time 8 process 3 Stopped arr 3 total 5 remain 3 wait 3 
At time 8 process 1 resumed arr 0 total 6 remain 3 wait 5 
At time 9 process 1 Stopped arr 0 total 6 remain 2 wait 5 
At time 9 process 2 resumed arr 1 total 2 remain -1 wait 5 
At time 10 process 2 Stopped arr 1 total 2 remain -2 wait 5 
At time 10 process 3 resumed arr 3 total 5 remain 3 wait 5 
At time 11 process 3 Stopped arr 3 total 5 remain 2 wait 5 
At time 11 process 4 started arr 9 total 3 remain 3 wait 2 
At time 12 process 4 Stopped arr 9 total 3 remain 2 wait 2 
At time 12 process 1 resumed arr 0 total 6 remain 2 wait 8 
At time 13 process 1 Stopped arr 0 total 6 remain 1 wait 8 
At time 13 process 2 resumed arr 1 total 2 remain -2 wait 8 
At time 14 process 2 Stopped arr 1 total 2 remain -3 wait 8 
At time 14 process 3 resumed arr 3 total 5 remain 2 wait 8 
At time 15 process 3 Stopped arr 3 total 5 remain 1 wait 8 
At time 15 process 5 started arr 12 total 5 remain 5 wait 3 
At time 16 process 5 Stopped arr 12 total 5 remain 4 wait 3 
At time 16 process 4 resumed arr 9 total 3 remain 2 wait 6 
At time 17 process 4 Stopped arr 9 total 3 remain 1 wait 6 
At time 17 process 1 resumed arr 0 total 6 remain 1 wait 12 
At time 18 process 1 Stopped arr 0 total 6 remain 0 wait 12 
At time 18 process 2 resumed arr 1 total 2 remain -3 wait 12 
At time 18 process 2 finished arr 1 total 2 remain 0 wait 12 TA 17 WTA 8.50
At time 18 process 3 resumed arr 3 total 5 remain 1 wait 11 
At time 18 process 3 finished arr 3 total 5 remain 0 wait 11 TA 15 WTA 3.00
At time 18 process 5 resumed arr 12 total 5 remain 4 wait 5 
At time 18 process 5 finished arr 12 total 5 remain 0 wait 5 TA 6 WTA 1.20
At time 18 process 4 resumed arr 9 total 3 remain 1 wait 7 
At time 18 process 4 finished arr 9 total 3 remain 0 wait 7 TA 9 WTA 3.00
At time 18 process 1 resumed arr 0 total 6 remain 0 wait 12 
At time 18 process 1 finished arr 0 total 6 remain 0 wait 12 TA 18 WTA 3.00
